0 info it worked if it ends with ok
1 verbose cli [ 'C:\\Program Files\\nodejs\\node.exe',
1 verbose cli   'C:\\Program Files\\nodejs\\node_modules\\npm\\bin\\npm-cli.js',
1 verbose cli   'install',
1 verbose cli   '@fortawesome/fontawesome-free@*' ]
2 info using npm@3.10.10
3 info using node@v6.10.3
4 silly loadCurrentTree Starting
5 silly install loadCurrentTree
6 silly install readLocalPackageData
7 silly fetchPackageMetaData @fortawesome/fontawesome-free@*
8 silly fetchNamedPackageData @fortawesome/fontawesome-free
9 silly mapToRegistry name @fortawesome/fontawesome-free
10 silly mapToRegistry scope (from package name) @fortawesome
11 verbose mapToRegistry no registry URL found in name for scope @fortawesome
12 silly mapToRegistry using default registry
13 silly mapToRegistry registry https://registry.npmjs.org/
14 silly mapToRegistry data Result {
14 silly mapToRegistry   raw: '@fortawesome/fontawesome-free',
14 silly mapToRegistry   scope: '@fortawesome',
14 silly mapToRegistry   escapedName: '@fortawesome%2ffontawesome-free',
14 silly mapToRegistry   name: '@fortawesome/fontawesome-free',
14 silly mapToRegistry   rawSpec: '',
14 silly mapToRegistry   spec: 'latest',
14 silly mapToRegistry   type: 'tag' }
15 silly mapToRegistry uri https://registry.npmjs.org/@fortawesome%2ffontawesome-free
16 verbose request uri https://registry.npmjs.org/@fortawesome%2ffontawesome-free
17 verbose request no auth needed
18 info attempt registry request try #1 at 23:13:55
19 verbose request id 83e180061cd51a5b
20 verbose etag W/"6dac7d1880c18992afd211914b1a97ff"
21 verbose lastModified Tue, 25 Jun 2019 20:55:06 GMT
22 http request GET https://registry.npmjs.org/@fortawesome%2ffontawesome-free
23 http 304 https://registry.npmjs.org/@fortawesome%2ffontawesome-free
24 verbose headers { date: 'Thu, 04 Jul 2019 15:13:57 GMT',
24 verbose headers   connection: 'keep-alive',
24 verbose headers   'set-cookie': [ '__cfduid=d8599d37386655e577fc371eb2631b0c71562253236; expires=Fri, 03-Jul-20 15:13:56 GMT; path=/; domain=.npmjs.org; HttpOnly' ],
24 verbose headers   'cf-cache-status': 'HIT',
24 verbose headers   'cache-control': 'public, max-age=300',
24 verbose headers   'cf-ray': '4f120bca9be0b090-HKG',
24 verbose headers   age: '1349',
24 verbose headers   etag: '"6dac7d1880c18992afd211914b1a97ff"',
24 verbose headers   'expect-ct': 'max-age=604800, report-uri="https://report-uri.cloudflare.com/cdn-cgi/beacon/expect-ct"',
24 verbose headers   'last-modified': 'Tue, 25 Jun 2019 20:55:06 GMT',
24 verbose headers   vary: 'Accept-Encoding',
24 verbose headers   'x-amz-meta-rev': '44-aa3915b18d136115cc7645b94cf9899b',
24 verbose headers   server: 'cloudflare' }
25 silly get cb [ 304,
25 silly get   { date: 'Thu, 04 Jul 2019 15:13:57 GMT',
25 silly get     connection: 'keep-alive',
25 silly get     'set-cookie': [ '__cfduid=d8599d37386655e577fc371eb2631b0c71562253236; expires=Fri, 03-Jul-20 15:13:56 GMT; path=/; domain=.npmjs.org; HttpOnly' ],
25 silly get     'cf-cache-status': 'HIT',
25 silly get     'cache-control': 'public, max-age=300',
25 silly get     'cf-ray': '4f120bca9be0b090-HKG',
25 silly get     age: '1349',
25 silly get     etag: '"6dac7d1880c18992afd211914b1a97ff"',
25 silly get     'expect-ct': 'max-age=604800, report-uri="https://report-uri.cloudflare.com/cdn-cgi/beacon/expect-ct"',
25 silly get     'last-modified': 'Tue, 25 Jun 2019 20:55:06 GMT',
25 silly get     vary: 'Accept-Encoding',
25 silly get     'x-amz-meta-rev': '44-aa3915b18d136115cc7645b94cf9899b',
25 silly get     server: 'cloudflare' } ]
26 verbose etag https://registry.npmjs.org/@fortawesome%2ffontawesome-free from cache
27 verbose get saving @fortawesome/fontawesome-free to C:\Users\Gray\AppData\Roaming\npm-cache\registry.npmjs.org\_40fortawesome_252ffontawesome-free\.cache.json
28 verbose correctMkdir C:\Users\Gray\AppData\Roaming\npm-cache correctMkdir not in flight; initializing
29 silly install normalizeTree
30 silly loadCurrentTree Finishing
31 silly loadIdealTree Starting
32 silly install loadIdealTree
33 silly cloneCurrentTree Starting
34 silly install cloneCurrentTreeToIdealTree
35 silly cloneCurrentTree Finishing
36 silly loadShrinkwrap Starting
37 silly install loadShrinkwrap
38 silly loadShrinkwrap Finishing
39 silly loadAllDepsIntoIdealTree Starting
40 silly install loadAllDepsIntoIdealTree
41 silly resolveWithNewModule @fortawesome/fontawesome-free@5.9.0 checking installable status
42 silly cache add args [ '@fortawesome/fontawesome-free@*', null ]
43 verbose cache add spec @fortawesome/fontawesome-free@*
44 silly cache add parsed spec Result {
44 silly cache add   raw: '@fortawesome/fontawesome-free@*',
44 silly cache add   scope: '@fortawesome',
44 silly cache add   escapedName: '@fortawesome%2ffontawesome-free',
44 silly cache add   name: '@fortawesome/fontawesome-free',
44 silly cache add   rawSpec: '*',
44 silly cache add   spec: '*',
44 silly cache add   type: 'range' }
45 silly addNamed @fortawesome/fontawesome-free@*
46 verbose addNamed "*" is a valid semver range for @fortawesome/fontawesome-free
47 silly addNameRange { name: '@fortawesome/fontawesome-free',
47 silly addNameRange   range: '*',
47 silly addNameRange   hasData: false }
48 silly mapToRegistry name @fortawesome/fontawesome-free
49 silly mapToRegistry scope (from package name) @fortawesome
50 verbose mapToRegistry no registry URL found in name for scope @fortawesome
51 silly mapToRegistry using default registry
52 silly mapToRegistry registry https://registry.npmjs.org/
53 silly mapToRegistry data Result {
53 silly mapToRegistry   raw: '@fortawesome/fontawesome-free',
53 silly mapToRegistry   scope: '@fortawesome',
53 silly mapToRegistry   escapedName: '@fortawesome%2ffontawesome-free',
53 silly mapToRegistry   name: '@fortawesome/fontawesome-free',
53 silly mapToRegistry   rawSpec: '',
53 silly mapToRegistry   spec: 'latest',
53 silly mapToRegistry   type: 'tag' }
54 silly mapToRegistry uri https://registry.npmjs.org/@fortawesome%2ffontawesome-free
55 verbose addNameRange registry:https://registry.npmjs.org/@fortawesome%2ffontawesome-free not in flight; fetching
56 verbose get https://registry.npmjs.org/@fortawesome%2ffontawesome-free not expired, no request
57 silly addNameRange number 2 { name: '@fortawesome/fontawesome-free',
57 silly addNameRange   range: '*',
57 silly addNameRange   hasData: true }
58 silly addNameRange versions [ '@fortawesome/fontawesome-free',
58 silly addNameRange   [ '5.1.0-4',
58 silly addNameRange     '5.1.0-5',
58 silly addNameRange     '5.1.0-6',
58 silly addNameRange     '5.1.0-7',
58 silly addNameRange     '5.1.0-8',
58 silly addNameRange     '5.1.0-9',
58 silly addNameRange     '5.1.0-10',
58 silly addNameRange     '5.1.0-11',
58 silly addNameRange     '5.1.0',
58 silly addNameRange     '5.1.1',
58 silly addNameRange     '5.2.0',
58 silly addNameRange     '5.3.0',
58 silly addNameRange     '5.3.1',
58 silly addNameRange     '5.4.0',
58 silly addNameRange     '5.4.1',
58 silly addNameRange     '5.4.2',
58 silly addNameRange     '5.5.0-1',
58 silly addNameRange     '5.5.0-2',
58 silly addNameRange     '5.5.0',
58 silly addNameRange     '5.6.0',
58 silly addNameRange     '5.6.1',
58 silly addNameRange     '5.6.2',
58 silly addNameRange     '5.6.3',
58 silly addNameRange     '5.7.0',
58 silly addNameRange     '5.7.1',
58 silly addNameRange     '5.7.2',
58 silly addNameRange     '5.8.0',
58 silly addNameRange     '5.8.1',
58 silly addNameRange     '5.8.2',
58 silly addNameRange     '5.10.0-1',
58 silly addNameRange     '5.10.0-2',
58 silly addNameRange     '5.9.0',
58 silly addNameRange     '5.10.0-3',
58 silly addNameRange     '5.10.0-4',
58 silly addNameRange     '5.10.0-5',
58 silly addNameRange     '5.10.0-6',
58 silly addNameRange     '5.10.0-7',
58 silly addNameRange     '5.10.0-8',
58 silly addNameRange     '5.10.0-9',
58 silly addNameRange     '5.10.0-10',
58 silly addNameRange     '5.10.0-11' ] ]
59 silly addNamed @fortawesome/fontawesome-free@5.9.0
60 verbose addNamed "5.9.0" is a plain semver version for @fortawesome/fontawesome-free
61 silly mapToRegistry name @fortawesome/fontawesome-free
62 silly mapToRegistry scope (from package name) @fortawesome
63 verbose mapToRegistry no registry URL found in name for scope @fortawesome
64 silly mapToRegistry using default registry
65 silly mapToRegistry registry https://registry.npmjs.org/
66 silly mapToRegistry data Result {
66 silly mapToRegistry   raw: '@fortawesome/fontawesome-free',
66 silly mapToRegistry   scope: '@fortawesome',
66 silly mapToRegistry   escapedName: '@fortawesome%2ffontawesome-free',
66 silly mapToRegistry   name: '@fortawesome/fontawesome-free',
66 silly mapToRegistry   rawSpec: '',
66 silly mapToRegistry   spec: 'latest',
66 silly mapToRegistry   type: 'tag' }
67 silly mapToRegistry uri https://registry.npmjs.org/@fortawesome%2ffontawesome-free
68 verbose addRemoteTarball https://registry.npmjs.org/@fortawesome/fontawesome-free/-/fontawesome-free-5.9.0.tgz not in flight; adding
69 verbose addRemoteTarball [ 'https://registry.npmjs.org/@fortawesome/fontawesome-free/-/fontawesome-free-5.9.0.tgz',
69 verbose addRemoteTarball   '1aa5c59efb1b8c6eb6277d1e3e8c8f31998b8c8e' ]
70 info retry fetch attempt 1 at 23:14:01
71 info attempt registry request try #1 at 23:14:01
72 http fetch GET https://registry.npmjs.org/@fortawesome/fontawesome-free/-/fontawesome-free-5.9.0.tgz
73 http fetch 200 https://registry.npmjs.org/@fortawesome/fontawesome-free/-/fontawesome-free-5.9.0.tgz
74 verbose stack Error: kill ENOSYS
74 verbose stack     at exports._errnoException (util.js:1018:11)
74 verbose stack     at process.kill (internal/process.js:190:13)
74 verbose stack     at process.listener (C:\Program Files\nodejs\node_modules\npm\node_modules\npmlog\node_modules\gauge\node_modules\signal-exit\index.js:86:15)
74 verbose stack     at emitNone (events.js:91:20)
74 verbose stack     at process.emit (events.js:185:7)
74 verbose stack     at processEmit (C:\Program Files\nodejs\node_modules\npm\node_modules\npmlog\node_modules\gauge\node_modules\signal-exit\index.js:146:32)
74 verbose stack     at processEmit (C:\Program Files\nodejs\node_modules\npm\node_modules\npm-registry-client\node_modules\npmlog\node_modules\gauge\node_modules\signal-exit\index.js:146:32)
74 verbose stack     at Signal.wrap.onsignal (internal/process.js:217:44)
75 verbose cwd D:\Development\Marching
76 error Windows_NT 10.0.17134
77 error argv "C:\\Program Files\\nodejs\\node.exe" "C:\\Program Files\\nodejs\\node_modules\\npm\\bin\\npm-cli.js" "install" "@fortawesome/fontawesome-free@*"
78 error node v6.10.3
79 error npm  v3.10.10
80 error code ENOSYS
81 error errno ENOSYS
82 error syscall kill
83 error kill ENOSYS
84 error If you need help, you may report this error at:
84 error     <https://github.com/npm/npm/issues>
85 verbose exit [ 1, true ]
